ERROR - 2025-07-23 10:55:22 --> Error connecting to the database: Access denied for user '****'@'localhost' (using password: YES)
CRITICAL - 2025-07-23 10:55:22 --> Unable to connect to the database.
#0 C:\xampp74\htdocs\berita2\sopiri\vendor\codeigniter4\framework\system\Database\BaseConnection.php(618): CodeIgniter\Database\BaseConnection->initialize()
#1 C:\xampp74\htdocs\berita2\sopiri\vendor\codeigniter4\framework\system\Database\BaseBuilder.php(1866): CodeIgniter\Database\BaseConnection->query('SELECT *\nFROM `...', Array, false)
#2 C:\xampp74\htdocs\berita2\sopiri\modules\ManageLayoutFront\Models\ModelLayout.php(21): CodeIgniter\Database\BaseBuilder->get()
#3 C:\xampp74\htdocs\berita2\sopiri\modules\ManageLayoutFront\Controllers\Layout.php(23): Modules\ManageLayoutFront\Models\ModelLayout->get_contact()
#4 C:\xampp74\htdocs\berita2\sopiri\vendor\codeigniter4\framework\system\CodeIgniter.php(940): Modules\ManageLayoutFront\Controllers\Layout->index()
#5 C:\xampp74\htdocs\berita2\sopiri\vendor\codeigniter4\framework\system\CodeIgniter.php(436): CodeIgniter\CodeIgniter->runController(Object(Modules\ManageLayoutFront\Controllers\Layout))
#6 C:\xampp74\htdocs\berita2\sopiri\vendor\codeigniter4\framework\system\CodeIgniter.php(337): CodeIgniter\CodeIgniter->handleRequest(NULL, Object(Config\Cache), false)
#7 C:\xampp74\htdocs\berita2\index.php(44): CodeIgniter\CodeIgniter->run()
#8 {main}
CRITICAL - 2025-07-23 11:44:44 --> filter_var(): Passing null to parameter #3 ($options) of type array|int is deprecated
#0 [internal function]: CodeIgniter\Debug\Exceptions->errorHandler(8192, 'filter_var(): P...', 'C:\\xampp74\\htdo...', 326)
#1 C:\xampp74\htdocs\berita2\sopiri\vendor\codeigniter4\framework\system\HTTP\RequestTrait.php(326): filter_var('spark', 516, NULL)
#2 [internal function]: CodeIgniter\HTTP\Request->CodeIgniter\HTTP\{closure}('spark', 0)
#3 C:\xampp74\htdocs\berita2\sopiri\vendor\codeigniter4\framework\system\HTTP\RequestTrait.php(327): array_walk_recursive(Array, Object(Closure))
#4 C:\xampp74\htdocs\berita2\sopiri\vendor\codeigniter4\framework\system\HTTP\RequestTrait.php(195): CodeIgniter\HTTP\Request->fetchGlobal('server', 'argv', 516, NULL)
#5 C:\xampp74\htdocs\berita2\sopiri\vendor\codeigniter4\framework\system\HTTP\CLIRequest.php(190): CodeIgniter\HTTP\Request->getServer('argv')
#6 C:\xampp74\htdocs\berita2\sopiri\vendor\codeigniter4\framework\system\HTTP\CLIRequest.php(70): CodeIgniter\HTTP\CLIRequest->parseCommand()
#7 C:\xampp74\htdocs\berita2\sopiri\vendor\codeigniter4\framework\system\Config\Services.php(131): CodeIgniter\HTTP\CLIRequest->__construct(Object(Config\App))
#8 C:\xampp74\htdocs\berita2\sopiri\vendor\codeigniter4\framework\system\Config\BaseService.php(100): CodeIgniter\Config\Services::clirequest(Object(Config\App), false)
#9 C:\xampp74\htdocs\berita2\sopiri\vendor\codeigniter4\framework\system\Config\Services.php(126): CodeIgniter\Config\BaseService::getSharedInstance('clirequest', Object(Config\App))
#10 C:\xampp74\htdocs\berita2\sopiri\vendor\codeigniter4\framework\system\Config\BaseService.php(171): CodeIgniter\Config\Services::clirequest(Object(Config\App))
#11 C:\xampp74\htdocs\berita2\sopiri\vendor\codeigniter4\framework\system\CodeIgniter.php(597): CodeIgniter\Config\BaseService::__callStatic('clirequest', Array)
#12 C:\xampp74\htdocs\berita2\sopiri\vendor\codeigniter4\framework\system\CodeIgniter.php(311): CodeIgniter\CodeIgniter->getRequestObject()
#13 C:\xampp74\htdocs\berita2\sopiri\vendor\codeigniter4\framework\system\CLI\Console.php(61): CodeIgniter\CodeIgniter->run()
#14 C:\xampp74\htdocs\berita2\sopiri\spark(66): CodeIgniter\CLI\Console->run()
#15 {main}
CRITICAL - 2025-07-23 11:49:32 --> filter_var(): Passing null to parameter #3 ($options) of type array|int is deprecated
#0 [internal function]: CodeIgniter\Debug\Exceptions->errorHandler(8192, 'filter_var(): P...', 'C:\\xampp74\\htdo...', 326)
#1 C:\xampp74\htdocs\berita2\vendor\codeigniter4\framework\system\HTTP\RequestTrait.php(326): filter_var('spark', 516, NULL)
#2 [internal function]: CodeIgniter\HTTP\Request->CodeIgniter\HTTP\{closure}('spark', 0)
#3 C:\xampp74\htdocs\berita2\vendor\codeigniter4\framework\system\HTTP\RequestTrait.php(327): array_walk_recursive(Array, Object(Closure))
#4 C:\xampp74\htdocs\berita2\vendor\codeigniter4\framework\system\HTTP\RequestTrait.php(195): CodeIgniter\HTTP\Request->fetchGlobal('server', 'argv', 516, NULL)
#5 C:\xampp74\htdocs\berita2\vendor\codeigniter4\framework\system\HTTP\CLIRequest.php(190): CodeIgniter\HTTP\Request->getServer('argv')
#6 C:\xampp74\htdocs\berita2\vendor\codeigniter4\framework\system\HTTP\CLIRequest.php(70): CodeIgniter\HTTP\CLIRequest->parseCommand()
#7 C:\xampp74\htdocs\berita2\vendor\codeigniter4\framework\system\Config\Services.php(131): CodeIgniter\HTTP\CLIRequest->__construct(Object(Config\App))
#8 C:\xampp74\htdocs\berita2\vendor\codeigniter4\framework\system\Config\BaseService.php(100): CodeIgniter\Config\Services::clirequest(Object(Config\App), false)
#9 C:\xampp74\htdocs\berita2\vendor\codeigniter4\framework\system\Config\Services.php(126): CodeIgniter\Config\BaseService::getSharedInstance('clirequest', Object(Config\App))
#10 C:\xampp74\htdocs\berita2\vendor\codeigniter4\framework\system\Config\BaseService.php(171): CodeIgniter\Config\Services::clirequest(Object(Config\App))
#11 C:\xampp74\htdocs\berita2\vendor\codeigniter4\framework\system\CodeIgniter.php(597): CodeIgniter\Config\BaseService::__callStatic('clirequest', Array)
#12 C:\xampp74\htdocs\berita2\vendor\codeigniter4\framework\system\CodeIgniter.php(311): CodeIgniter\CodeIgniter->getRequestObject()
#13 C:\xampp74\htdocs\berita2\vendor\codeigniter4\framework\system\CLI\Console.php(61): CodeIgniter\CodeIgniter->run()
#14 C:\xampp74\htdocs\berita2\spark(66): CodeIgniter\CLI\Console->run()
#15 {main}
CRITICAL - 2025-07-23 11:49:55 --> filter_var(): Passing null to parameter #3 ($options) of type array|int is deprecated
#0 [internal function]: CodeIgniter\Debug\Exceptions->errorHandler(8192, 'filter_var(): P...', 'C:\\xampp74\\htdo...', 326)
#1 C:\xampp74\htdocs\berita2\vendor\codeigniter4\framework\system\HTTP\RequestTrait.php(326): filter_var('spark', 516, NULL)
#2 [internal function]: CodeIgniter\HTTP\Request->CodeIgniter\HTTP\{closure}('spark', 0)
#3 C:\xampp74\htdocs\berita2\vendor\codeigniter4\framework\system\HTTP\RequestTrait.php(327): array_walk_recursive(Array, Object(Closure))
#4 C:\xampp74\htdocs\berita2\vendor\codeigniter4\framework\system\HTTP\RequestTrait.php(195): CodeIgniter\HTTP\Request->fetchGlobal('server', 'argv', 516, NULL)
#5 C:\xampp74\htdocs\berita2\vendor\codeigniter4\framework\system\HTTP\CLIRequest.php(190): CodeIgniter\HTTP\Request->getServer('argv')
#6 C:\xampp74\htdocs\berita2\vendor\codeigniter4\framework\system\HTTP\CLIRequest.php(70): CodeIgniter\HTTP\CLIRequest->parseCommand()
#7 C:\xampp74\htdocs\berita2\vendor\codeigniter4\framework\system\Config\Services.php(131): CodeIgniter\HTTP\CLIRequest->__construct(Object(Config\App))
#8 C:\xampp74\htdocs\berita2\vendor\codeigniter4\framework\system\Config\BaseService.php(100): CodeIgniter\Config\Services::clirequest(Object(Config\App), false)
#9 C:\xampp74\htdocs\berita2\vendor\codeigniter4\framework\system\Config\Services.php(126): CodeIgniter\Config\BaseService::getSharedInstance('clirequest', Object(Config\App))
#10 C:\xampp74\htdocs\berita2\vendor\codeigniter4\framework\system\Config\BaseService.php(171): CodeIgniter\Config\Services::clirequest(Object(Config\App))
#11 C:\xampp74\htdocs\berita2\vendor\codeigniter4\framework\system\CodeIgniter.php(597): CodeIgniter\Config\BaseService::__callStatic('clirequest', Array)
#12 C:\xampp74\htdocs\berita2\vendor\codeigniter4\framework\system\CodeIgniter.php(311): CodeIgniter\CodeIgniter->getRequestObject()
#13 C:\xampp74\htdocs\berita2\vendor\codeigniter4\framework\system\CLI\Console.php(61): CodeIgniter\CodeIgniter->run()
#14 C:\xampp74\htdocs\berita2\spark(66): CodeIgniter\CLI\Console->run()
#15 {main}
CRITICAL - 2025-07-23 11:50:31 --> filter_var(): Passing null to parameter #3 ($options) of type array|int is deprecated
#0 [internal function]: CodeIgniter\Debug\Exceptions->errorHandler(8192, 'filter_var(): P...', 'C:\\xampp74\\htdo...', 326)
#1 C:\xampp74\htdocs\berita2\vendor\codeigniter4\framework\system\HTTP\RequestTrait.php(326): filter_var('spark', 516, NULL)
#2 [internal function]: CodeIgniter\HTTP\Request->CodeIgniter\HTTP\{closure}('spark', 0)
#3 C:\xampp74\htdocs\berita2\vendor\codeigniter4\framework\system\HTTP\RequestTrait.php(327): array_walk_recursive(Array, Object(Closure))
#4 C:\xampp74\htdocs\berita2\vendor\codeigniter4\framework\system\HTTP\RequestTrait.php(195): CodeIgniter\HTTP\Request->fetchGlobal('server', 'argv', 516, NULL)
#5 C:\xampp74\htdocs\berita2\vendor\codeigniter4\framework\system\HTTP\CLIRequest.php(190): CodeIgniter\HTTP\Request->getServer('argv')
#6 C:\xampp74\htdocs\berita2\vendor\codeigniter4\framework\system\HTTP\CLIRequest.php(70): CodeIgniter\HTTP\CLIRequest->parseCommand()
#7 C:\xampp74\htdocs\berita2\vendor\codeigniter4\framework\system\Config\Services.php(131): CodeIgniter\HTTP\CLIRequest->__construct(Object(Config\App))
#8 C:\xampp74\htdocs\berita2\vendor\codeigniter4\framework\system\Config\BaseService.php(100): CodeIgniter\Config\Services::clirequest(Object(Config\App), false)
#9 C:\xampp74\htdocs\berita2\vendor\codeigniter4\framework\system\Config\Services.php(126): CodeIgniter\Config\BaseService::getSharedInstance('clirequest', Object(Config\App))
#10 C:\xampp74\htdocs\berita2\vendor\codeigniter4\framework\system\Config\BaseService.php(171): CodeIgniter\Config\Services::clirequest(Object(Config\App))
#11 C:\xampp74\htdocs\berita2\vendor\codeigniter4\framework\system\CodeIgniter.php(597): CodeIgniter\Config\BaseService::__callStatic('clirequest', Array)
#12 C:\xampp74\htdocs\berita2\vendor\codeigniter4\framework\system\CodeIgniter.php(311): CodeIgniter\CodeIgniter->getRequestObject()
#13 C:\xampp74\htdocs\berita2\vendor\codeigniter4\framework\system\CLI\Console.php(61): CodeIgniter\CodeIgniter->run()
#14 C:\xampp74\htdocs\berita2\spark(66): CodeIgniter\CLI\Console->run()
#15 {main}
CRITICAL - 2025-07-23 11:50:40 --> filter_var(): Passing null to parameter #3 ($options) of type array|int is deprecated
#0 [internal function]: CodeIgniter\Debug\Exceptions->errorHandler(8192, 'filter_var(): P...', 'C:\\xampp74\\htdo...', 326)
#1 C:\xampp74\htdocs\berita2\vendor\codeigniter4\framework\system\HTTP\RequestTrait.php(326): filter_var('spark', 516, NULL)
#2 [internal function]: CodeIgniter\HTTP\Request->CodeIgniter\HTTP\{closure}('spark', 0)
#3 C:\xampp74\htdocs\berita2\vendor\codeigniter4\framework\system\HTTP\RequestTrait.php(327): array_walk_recursive(Array, Object(Closure))
#4 C:\xampp74\htdocs\berita2\vendor\codeigniter4\framework\system\HTTP\RequestTrait.php(195): CodeIgniter\HTTP\Request->fetchGlobal('server', 'argv', 516, NULL)
#5 C:\xampp74\htdocs\berita2\vendor\codeigniter4\framework\system\HTTP\CLIRequest.php(190): CodeIgniter\HTTP\Request->getServer('argv')
#6 C:\xampp74\htdocs\berita2\vendor\codeigniter4\framework\system\HTTP\CLIRequest.php(70): CodeIgniter\HTTP\CLIRequest->parseCommand()
#7 C:\xampp74\htdocs\berita2\vendor\codeigniter4\framework\system\Config\Services.php(131): CodeIgniter\HTTP\CLIRequest->__construct(Object(Config\App))
#8 C:\xampp74\htdocs\berita2\vendor\codeigniter4\framework\system\Config\BaseService.php(100): CodeIgniter\Config\Services::clirequest(Object(Config\App), false)
#9 C:\xampp74\htdocs\berita2\vendor\codeigniter4\framework\system\Config\Services.php(126): CodeIgniter\Config\BaseService::getSharedInstance('clirequest', Object(Config\App))
#10 C:\xampp74\htdocs\berita2\vendor\codeigniter4\framework\system\Config\BaseService.php(171): CodeIgniter\Config\Services::clirequest(Object(Config\App))
#11 C:\xampp74\htdocs\berita2\vendor\codeigniter4\framework\system\CodeIgniter.php(597): CodeIgniter\Config\BaseService::__callStatic('clirequest', Array)
#12 C:\xampp74\htdocs\berita2\vendor\codeigniter4\framework\system\CodeIgniter.php(311): CodeIgniter\CodeIgniter->getRequestObject()
#13 C:\xampp74\htdocs\berita2\vendor\codeigniter4\framework\system\CLI\Console.php(61): CodeIgniter\CodeIgniter->run()
#14 C:\xampp74\htdocs\berita2\spark(66): CodeIgniter\CLI\Console->run()
#15 {main}
CRITICAL - 2025-07-23 13:48:48 --> filter_var(): Passing null to parameter #3 ($options) of type array|int is deprecated
#0 [internal function]: CodeIgniter\Debug\Exceptions->errorHandler(8192, 'filter_var(): P...', 'C:\\xampp74\\htdo...', 326)
#1 C:\xampp74\htdocs\berita2\vendor\codeigniter4\framework\system\HTTP\RequestTrait.php(326): filter_var('spark', 516, NULL)
#2 [internal function]: CodeIgniter\HTTP\Request->CodeIgniter\HTTP\{closure}('spark', 0)
#3 C:\xampp74\htdocs\berita2\vendor\codeigniter4\framework\system\HTTP\RequestTrait.php(327): array_walk_recursive(Array, Object(Closure))
#4 C:\xampp74\htdocs\berita2\vendor\codeigniter4\framework\system\HTTP\RequestTrait.php(195): CodeIgniter\HTTP\Request->fetchGlobal('server', 'argv', 516, NULL)
#5 C:\xampp74\htdocs\berita2\vendor\codeigniter4\framework\system\HTTP\CLIRequest.php(190): CodeIgniter\HTTP\Request->getServer('argv')
#6 C:\xampp74\htdocs\berita2\vendor\codeigniter4\framework\system\HTTP\CLIRequest.php(70): CodeIgniter\HTTP\CLIRequest->parseCommand()
#7 C:\xampp74\htdocs\berita2\vendor\codeigniter4\framework\system\Config\Services.php(131): CodeIgniter\HTTP\CLIRequest->__construct(Object(Config\App))
#8 C:\xampp74\htdocs\berita2\vendor\codeigniter4\framework\system\Config\BaseService.php(100): CodeIgniter\Config\Services::clirequest(Object(Config\App), false)
#9 C:\xampp74\htdocs\berita2\vendor\codeigniter4\framework\system\Config\Services.php(126): CodeIgniter\Config\BaseService::getSharedInstance('clirequest', Object(Config\App))
#10 C:\xampp74\htdocs\berita2\vendor\codeigniter4\framework\system\Config\BaseService.php(171): CodeIgniter\Config\Services::clirequest(Object(Config\App))
#11 C:\xampp74\htdocs\berita2\vendor\codeigniter4\framework\system\CodeIgniter.php(597): CodeIgniter\Config\BaseService::__callStatic('clirequest', Array)
#12 C:\xampp74\htdocs\berita2\vendor\codeigniter4\framework\system\CodeIgniter.php(311): CodeIgniter\CodeIgniter->getRequestObject()
#13 C:\xampp74\htdocs\berita2\vendor\codeigniter4\framework\system\CLI\Console.php(61): CodeIgniter\CodeIgniter->run()
#14 C:\xampp74\htdocs\berita2\spark(66): CodeIgniter\CLI\Console->run()
#15 {main}
CRITICAL - 2025-07-23 13:48:55 --> filter_var(): Passing null to parameter #3 ($options) of type array|int is deprecated
#0 [internal function]: CodeIgniter\Debug\Exceptions->errorHandler(8192, 'filter_var(): P...', 'C:\\xampp74\\htdo...', 326)
#1 C:\xampp74\htdocs\berita2\vendor\codeigniter4\framework\system\HTTP\RequestTrait.php(326): filter_var('spark', 516, NULL)
#2 [internal function]: CodeIgniter\HTTP\Request->CodeIgniter\HTTP\{closure}('spark', 0)
#3 C:\xampp74\htdocs\berita2\vendor\codeigniter4\framework\system\HTTP\RequestTrait.php(327): array_walk_recursive(Array, Object(Closure))
#4 C:\xampp74\htdocs\berita2\vendor\codeigniter4\framework\system\HTTP\RequestTrait.php(195): CodeIgniter\HTTP\Request->fetchGlobal('server', 'argv', 516, NULL)
#5 C:\xampp74\htdocs\berita2\vendor\codeigniter4\framework\system\HTTP\CLIRequest.php(190): CodeIgniter\HTTP\Request->getServer('argv')
#6 C:\xampp74\htdocs\berita2\vendor\codeigniter4\framework\system\HTTP\CLIRequest.php(70): CodeIgniter\HTTP\CLIRequest->parseCommand()
#7 C:\xampp74\htdocs\berita2\vendor\codeigniter4\framework\system\Config\Services.php(131): CodeIgniter\HTTP\CLIRequest->__construct(Object(Config\App))
#8 C:\xampp74\htdocs\berita2\vendor\codeigniter4\framework\system\Config\BaseService.php(100): CodeIgniter\Config\Services::clirequest(Object(Config\App), false)
#9 C:\xampp74\htdocs\berita2\vendor\codeigniter4\framework\system\Config\Services.php(126): CodeIgniter\Config\BaseService::getSharedInstance('clirequest', Object(Config\App))
#10 C:\xampp74\htdocs\berita2\vendor\codeigniter4\framework\system\Config\BaseService.php(171): CodeIgniter\Config\Services::clirequest(Object(Config\App))
#11 C:\xampp74\htdocs\berita2\vendor\codeigniter4\framework\system\CodeIgniter.php(597): CodeIgniter\Config\BaseService::__callStatic('clirequest', Array)
#12 C:\xampp74\htdocs\berita2\vendor\codeigniter4\framework\system\CodeIgniter.php(311): CodeIgniter\CodeIgniter->getRequestObject()
#13 C:\xampp74\htdocs\berita2\vendor\codeigniter4\framework\system\CLI\Console.php(61): CodeIgniter\CodeIgniter->run()
#14 C:\xampp74\htdocs\berita2\spark(66): CodeIgniter\CLI\Console->run()
#15 {main}
CRITICAL - 2025-07-23 13:57:18 --> filter_var(): Passing null to parameter #3 ($options) of type array|int is deprecated
#0 [internal function]: CodeIgniter\Debug\Exceptions->errorHandler(8192, 'filter_var(): P...', 'C:\\xampp74\\htdo...', 326)
#1 C:\xampp74\htdocs\berita2\sopiri\vendor\codeigniter4\framework\system\HTTP\RequestTrait.php(326): filter_var('spark', 516, NULL)
#2 [internal function]: CodeIgniter\HTTP\Request->CodeIgniter\HTTP\{closure}('spark', 0)
#3 C:\xampp74\htdocs\berita2\sopiri\vendor\codeigniter4\framework\system\HTTP\RequestTrait.php(327): array_walk_recursive(Array, Object(Closure))
#4 C:\xampp74\htdocs\berita2\sopiri\vendor\codeigniter4\framework\system\HTTP\RequestTrait.php(195): CodeIgniter\HTTP\Request->fetchGlobal('server', 'argv', 516, NULL)
#5 C:\xampp74\htdocs\berita2\sopiri\vendor\codeigniter4\framework\system\HTTP\CLIRequest.php(190): CodeIgniter\HTTP\Request->getServer('argv')
#6 C:\xampp74\htdocs\berita2\sopiri\vendor\codeigniter4\framework\system\HTTP\CLIRequest.php(70): CodeIgniter\HTTP\CLIRequest->parseCommand()
#7 C:\xampp74\htdocs\berita2\sopiri\vendor\codeigniter4\framework\system\Config\Services.php(131): CodeIgniter\HTTP\CLIRequest->__construct(Object(Config\App))
#8 C:\xampp74\htdocs\berita2\sopiri\vendor\codeigniter4\framework\system\Config\BaseService.php(100): CodeIgniter\Config\Services::clirequest(Object(Config\App), false)
#9 C:\xampp74\htdocs\berita2\sopiri\vendor\codeigniter4\framework\system\Config\Services.php(126): CodeIgniter\Config\BaseService::getSharedInstance('clirequest', Object(Config\App))
#10 C:\xampp74\htdocs\berita2\sopiri\vendor\codeigniter4\framework\system\Config\BaseService.php(171): CodeIgniter\Config\Services::clirequest(Object(Config\App))
#11 C:\xampp74\htdocs\berita2\sopiri\vendor\codeigniter4\framework\system\CodeIgniter.php(597): CodeIgniter\Config\BaseService::__callStatic('clirequest', Array)
#12 C:\xampp74\htdocs\berita2\sopiri\vendor\codeigniter4\framework\system\CodeIgniter.php(311): CodeIgniter\CodeIgniter->getRequestObject()
#13 C:\xampp74\htdocs\berita2\sopiri\vendor\codeigniter4\framework\system\CLI\Console.php(61): CodeIgniter\CodeIgniter->run()
#14 C:\xampp74\htdocs\berita2\sopiri\spark(66): CodeIgniter\CLI\Console->run()
#15 {main}
CRITICAL - 2025-07-23 15:59:51 --> Invalid file: {0}
#0 C:\xampp74\htdocs\berita2\sopiri\vendor\codeigniter4\framework\system\View\View.php(203): CodeIgniter\Exceptions\FrameworkException::forInvalidFile('\\Modules\\AdminL...')
#1 C:\xampp74\htdocs\berita2\sopiri\vendor\codeigniter4\framework\system\Common.php(1217): CodeIgniter\View\View->render('\\Modules\\AdminL...', Array, true)
#2 C:\xampp74\htdocs\berita2\sopiri\vendor\myth\auth\src\Controllers\AuthController.php(54): view('\\Modules\\AdminL...', Array)
#3 C:\xampp74\htdocs\berita2\sopiri\vendor\codeigniter4\framework\system\CodeIgniter.php(940): Myth\Auth\Controllers\AuthController->login()
#4 C:\xampp74\htdocs\berita2\sopiri\vendor\codeigniter4\framework\system\CodeIgniter.php(436): CodeIgniter\CodeIgniter->runController(Object(Myth\Auth\Controllers\AuthController))
#5 C:\xampp74\htdocs\berita2\sopiri\vendor\codeigniter4\framework\system\CodeIgniter.php(337): CodeIgniter\CodeIgniter->handleRequest(NULL, Object(Config\Cache), false)
#6 C:\xampp74\htdocs\berita2\index.php(44): CodeIgniter\CodeIgniter->run()
#7 {main}
CRITICAL - 2025-07-23 15:59:52 --> Invalid file: {0}
#0 C:\xampp74\htdocs\berita2\sopiri\vendor\codeigniter4\framework\system\View\View.php(203): CodeIgniter\Exceptions\FrameworkException::forInvalidFile('\\Modules\\AdminL...')
#1 C:\xampp74\htdocs\berita2\sopiri\vendor\codeigniter4\framework\system\Common.php(1217): CodeIgniter\View\View->render('\\Modules\\AdminL...', Array, true)
#2 C:\xampp74\htdocs\berita2\sopiri\vendor\myth\auth\src\Controllers\AuthController.php(54): view('\\Modules\\AdminL...', Array)
#3 C:\xampp74\htdocs\berita2\sopiri\vendor\codeigniter4\framework\system\CodeIgniter.php(940): Myth\Auth\Controllers\AuthController->login()
#4 C:\xampp74\htdocs\berita2\sopiri\vendor\codeigniter4\framework\system\CodeIgniter.php(436): CodeIgniter\CodeIgniter->runController(Object(Myth\Auth\Controllers\AuthController))
#5 C:\xampp74\htdocs\berita2\sopiri\vendor\codeigniter4\framework\system\CodeIgniter.php(337): CodeIgniter\CodeIgniter->handleRequest(NULL, Object(Config\Cache), false)
#6 C:\xampp74\htdocs\berita2\index.php(44): CodeIgniter\CodeIgniter->run()
#7 {main}
CRITICAL - 2025-07-23 15:59:53 --> Invalid file: {0}
#0 C:\xampp74\htdocs\berita2\sopiri\vendor\codeigniter4\framework\system\View\View.php(203): CodeIgniter\Exceptions\FrameworkException::forInvalidFile('\\Modules\\AdminL...')
#1 C:\xampp74\htdocs\berita2\sopiri\vendor\codeigniter4\framework\system\Common.php(1217): CodeIgniter\View\View->render('\\Modules\\AdminL...', Array, true)
#2 C:\xampp74\htdocs\berita2\sopiri\vendor\myth\auth\src\Controllers\AuthController.php(54): view('\\Modules\\AdminL...', Array)
#3 C:\xampp74\htdocs\berita2\sopiri\vendor\codeigniter4\framework\system\CodeIgniter.php(940): Myth\Auth\Controllers\AuthController->login()
#4 C:\xampp74\htdocs\berita2\sopiri\vendor\codeigniter4\framework\system\CodeIgniter.php(436): CodeIgniter\CodeIgniter->runController(Object(Myth\Auth\Controllers\AuthController))
#5 C:\xampp74\htdocs\berita2\sopiri\vendor\codeigniter4\framework\system\CodeIgniter.php(337): CodeIgniter\CodeIgniter->handleRequest(NULL, Object(Config\Cache), false)
#6 C:\xampp74\htdocs\berita2\index.php(44): CodeIgniter\CodeIgniter->run()
#7 {main}
CRITICAL - 2025-07-23 15:59:53 --> Invalid file: {0}
#0 C:\xampp74\htdocs\berita2\sopiri\vendor\codeigniter4\framework\system\View\View.php(203): CodeIgniter\Exceptions\FrameworkException::forInvalidFile('\\Modules\\AdminL...')
#1 C:\xampp74\htdocs\berita2\sopiri\vendor\codeigniter4\framework\system\Common.php(1217): CodeIgniter\View\View->render('\\Modules\\AdminL...', Array, true)
#2 C:\xampp74\htdocs\berita2\sopiri\vendor\myth\auth\src\Controllers\AuthController.php(54): view('\\Modules\\AdminL...', Array)
#3 C:\xampp74\htdocs\berita2\sopiri\vendor\codeigniter4\framework\system\CodeIgniter.php(940): Myth\Auth\Controllers\AuthController->login()
#4 C:\xampp74\htdocs\berita2\sopiri\vendor\codeigniter4\framework\system\CodeIgniter.php(436): CodeIgniter\CodeIgniter->runController(Object(Myth\Auth\Controllers\AuthController))
#5 C:\xampp74\htdocs\berita2\sopiri\vendor\codeigniter4\framework\system\CodeIgniter.php(337): CodeIgniter\CodeIgniter->handleRequest(NULL, Object(Config\Cache), false)
#6 C:\xampp74\htdocs\berita2\index.php(44): CodeIgniter\CodeIgniter->run()
#7 {main}
CRITICAL - 2025-07-23 15:59:54 --> Invalid file: {0}
#0 C:\xampp74\htdocs\berita2\sopiri\vendor\codeigniter4\framework\system\View\View.php(203): CodeIgniter\Exceptions\FrameworkException::forInvalidFile('\\Modules\\AdminL...')
#1 C:\xampp74\htdocs\berita2\sopiri\vendor\codeigniter4\framework\system\Common.php(1217): CodeIgniter\View\View->render('\\Modules\\AdminL...', Array, true)
#2 C:\xampp74\htdocs\berita2\sopiri\vendor\myth\auth\src\Controllers\AuthController.php(54): view('\\Modules\\AdminL...', Array)
#3 C:\xampp74\htdocs\berita2\sopiri\vendor\codeigniter4\framework\system\CodeIgniter.php(940): Myth\Auth\Controllers\AuthController->login()
#4 C:\xampp74\htdocs\berita2\sopiri\vendor\codeigniter4\framework\system\CodeIgniter.php(436): CodeIgniter\CodeIgniter->runController(Object(Myth\Auth\Controllers\AuthController))
#5 C:\xampp74\htdocs\berita2\sopiri\vendor\codeigniter4\framework\system\CodeIgniter.php(337): CodeIgniter\CodeIgniter->handleRequest(NULL, Object(Config\Cache), false)
#6 C:\xampp74\htdocs\berita2\index.php(44): CodeIgniter\CodeIgniter->run()
#7 {main}
CRITICAL - 2025-07-23 15:59:54 --> Invalid file: {0}
#0 C:\xampp74\htdocs\berita2\sopiri\vendor\codeigniter4\framework\system\View\View.php(203): CodeIgniter\Exceptions\FrameworkException::forInvalidFile('\\Modules\\AdminL...')
#1 C:\xampp74\htdocs\berita2\sopiri\vendor\codeigniter4\framework\system\Common.php(1217): CodeIgniter\View\View->render('\\Modules\\AdminL...', Array, true)
#2 C:\xampp74\htdocs\berita2\sopiri\vendor\myth\auth\src\Controllers\AuthController.php(54): view('\\Modules\\AdminL...', Array)
#3 C:\xampp74\htdocs\berita2\sopiri\vendor\codeigniter4\framework\system\CodeIgniter.php(940): Myth\Auth\Controllers\AuthController->login()
#4 C:\xampp74\htdocs\berita2\sopiri\vendor\codeigniter4\framework\system\CodeIgniter.php(436): CodeIgniter\CodeIgniter->runController(Object(Myth\Auth\Controllers\AuthController))
#5 C:\xampp74\htdocs\berita2\sopiri\vendor\codeigniter4\framework\system\CodeIgniter.php(337): CodeIgniter\CodeIgniter->handleRequest(NULL, Object(Config\Cache), false)
#6 C:\xampp74\htdocs\berita2\index.php(44): CodeIgniter\CodeIgniter->run()
#7 {main}
CRITICAL - 2025-07-23 15:59:54 --> Invalid file: {0}
#0 C:\xampp74\htdocs\berita2\sopiri\vendor\codeigniter4\framework\system\View\View.php(203): CodeIgniter\Exceptions\FrameworkException::forInvalidFile('\\Modules\\AdminL...')
#1 C:\xampp74\htdocs\berita2\sopiri\vendor\codeigniter4\framework\system\Common.php(1217): CodeIgniter\View\View->render('\\Modules\\AdminL...', Array, true)
#2 C:\xampp74\htdocs\berita2\sopiri\vendor\myth\auth\src\Controllers\AuthController.php(54): view('\\Modules\\AdminL...', Array)
#3 C:\xampp74\htdocs\berita2\sopiri\vendor\codeigniter4\framework\system\CodeIgniter.php(940): Myth\Auth\Controllers\AuthController->login()
#4 C:\xampp74\htdocs\berita2\sopiri\vendor\codeigniter4\framework\system\CodeIgniter.php(436): CodeIgniter\CodeIgniter->runController(Object(Myth\Auth\Controllers\AuthController))
#5 C:\xampp74\htdocs\berita2\sopiri\vendor\codeigniter4\framework\system\CodeIgniter.php(337): CodeIgniter\CodeIgniter->handleRequest(NULL, Object(Config\Cache), false)
#6 C:\xampp74\htdocs\berita2\index.php(44): CodeIgniter\CodeIgniter->run()
#7 {main}
